<?xml version="1.0" encoding="UTF-8"?><testrun name="TestRunner" project="TestPrgm" tests="4" started="4" failures="0" errors="1" ignored="0">
  <testsuite name="sauce.test.TestRunner" time="24.675">
    <testsuite name="Feature: To validate the saucedemo login page" time="24.675">
      <testcase name="To validate the login functionality with valid credentials" classname="To validate the saucedemo login page" time="7.107"/>
      <testcase name="To validate the login functionality with valid credentials" classname="To validate the saucedemo login page" time="3.964"/>
      <testcase name="To validate the login functionality with valid credentials" classname="To validate the saucedemo login page" time="7.129"/>
      <testcase name="To validate the login functionality with valid credentials" classname="To validate the saucedemo login page" time="6.475">
        <error>org.openqa.selenium.WebDriverException: unknown error: cannot determine loading status
from disconnected: received Inspector.detached event
  (Session info: chrome=88.0.4324.146)
Build info: version: '3.141.59', revision: 'e82be7d358', time: '2018-11-14T08:17:03'
System info: host: 'JAGA-PC', ip: '192.168.1.38', os.name: 'Windows 8.1', os.arch: 'amd64', os.version: '6.3', java.version: '1.8.0_261'
Driver info: org.openqa.selenium.chrome.ChromeDriver
Capabilities {acceptInsecureCerts: false, browserName: chrome, browserVersion: 88.0.4324.146, chrome: {chromedriverVersion: 88.0.4324.96 (68dba2d8a0b14..., userDataDir: C:\Users\jaga\AppData\Local...}, goog:chromeOptions: {debuggerAddress: localhost:60125}, javascriptEnabled: true, networkConnectionEnabled: false, pageLoadStrategy: normal, platform: WINDOWS, platformName: WINDOWS, proxy: Proxy(), setWindowRect: true, strictFileInteractability: false, timeouts: {implicit: 0, pageLoad: 300000, script: 30000}, unhandledPromptBehavior: dismiss and notify, webauthn:extension:largeBlob: true, webauthn:virtualAuthenticators: true}
Session ID: 98b5d60fb7fab8504d7f648c7b5b31a2&#13;
	at sun.reflect.NativeConstructorAccessorImpl.newInstance0(Native Method)&#13;
	at sun.reflect.NativeConstructorAccessorImpl.newInstance(NativeConstructorAccessorImpl.java:62)&#13;
	at sun.reflect.DelegatingConstructorAccessorImpl.newInstance(DelegatingConstructorAccessorImpl.java:45)&#13;
	at java.lang.reflect.Constructor.newInstance(Constructor.java:423)&#13;
	at org.openqa.selenium.remote.http.W3CHttpResponseCodec.createException(W3CHttpResponseCodec.java:187)&#13;
	at org.openqa.selenium.remote.http.W3CHttpResponseCodec.decode(W3CHttpResponseCodec.java:122)&#13;
	at org.openqa.selenium.remote.http.W3CHttpResponseCodec.decode(W3CHttpResponseCodec.java:49)&#13;
	at org.openqa.selenium.remote.HttpCommandExecutor.execute(HttpCommandExecutor.java:158)&#13;
	at org.openqa.selenium.remote.service.DriverCommandExecutor.execute(DriverCommandExecutor.java:83)&#13;
	at org.openqa.selenium.remote.RemoteWebDriver.execute(RemoteWebDriver.java:552)&#13;
	at org.openqa.selenium.remote.RemoteWebDriver.get(RemoteWebDriver.java:277)&#13;
	at sauce.test.stepDefinition.the_user_has_to_be_in_saucrdemo_login_page(stepDefinition.java:17)&#13;
	at âœ½.The user has to be in saucrdemo login page(file:src/test/resources/ff/sauce.feature:3)&#13;
&#13;
</error>
      </testcase>
    </testsuite>
  </testsuite>
</testrun>
