<?xml version="1.0" encoding="UTF-8"?><testrun name="TestRunner" project="TestPrgm" tests="4" started="3" failures="0" errors="1" ignored="0">
  <testsuite name="sauce.test.TestRunner" incomplete="true">
    <testsuite name="Feature: To validate the saucedemo login page" incomplete="true">
      <testcase name="To validate the login functionality with valid credentials" classname="To validate the saucedemo login page" time="6.016">
        <error>org.openqa.selenium.NoSuchElementException: Cannot locate an element using id=password
For documentation on this error, please visit: https://www.seleniumhq.org/exceptions/no_such_element.html
Build info: version: '3.141.59', revision: 'e82be7d358', time: '2018-11-14T08:17:03'
System info: host: 'JAGA-PC', ip: '192.168.1.38', os.name: 'Windows 8.1', os.arch: 'amd64', os.version: '6.3', java.version: '1.8.0_261'
Driver info: driver.version: RemoteWebDriver&#13;
	at org.openqa.selenium.remote.RemoteWebDriver.findElement(RemoteWebDriver.java:327)&#13;
	at org.openqa.selenium.remote.RemoteWebDriver.findElementById(RemoteWebDriver.java:372)&#13;
	at org.openqa.selenium.By$ById.findElement(By.java:188)&#13;
	at org.openqa.selenium.remote.RemoteWebDriver.findElement(RemoteWebDriver.java:315)&#13;
	at sauce.test.stepDefinition.the_user_has_to_fill_username_and_pasword(stepDefinition.java:23)&#13;
	at âœ½.The user has to fill username and pasword(file:src/test/resources/ff/sauce.feature:4)&#13;
&#13;
</error>
      </testcase>
      <testcase name="To validate the login functionality with valid credentials" classname="To validate the saucedemo login page" time="3.634"/>
      <testcase name="To validate the login functionality with valid credentials" classname="To validate the saucedemo login page" incomplete="true"/>
      <testcase name="To validate the login functionality with valid credentials" classname="To validate the saucedemo login page" incomplete="true"/>
    </testsuite>
  </testsuite>
</testrun>
